clang: warning: -lang-c: 'linker' input unused [-Wunused-command-line-argument]
main.c:1319:9: warning: 'UART_THR' macro redefined [-Wmacro-redefined]
 1319 | #define UART_THR      ((volatile uint8_t *)(UART0 + 0x00))  // 書き込み用
      |         ^
main.c:32:9: note: previous definition is here
   32 | #define UART_THR     (*(volatile uint8_t*)(UART0 + 0x00))  // Transmit Holding Register
      |         ^
main.c:1320:9: warning: 'UART_LSR' macro redefined [-Wmacro-redefined]
 1320 | #define UART_LSR      ((volatile uint8_t *)(UART0 + 0x05))  // Line Status Register
      |         ^
main.c:33:9: note: previous definition is here
   33 | #define UART_LSR     (*(volatile uint8_t*)(UART0 + 0x05))  // Line Status Register
      |         ^
main.c:1325:9: warning: 'SSTATUS_SIE' macro redefined [-Wmacro-redefined]
 1325 | #define SSTATUS_SIE (1UL << 1) // Sstatus.SIE
      |         ^
main.c:971:9: note: previous definition is here
  971 | #define SSTATUS_SIE (1L << 1)  // Supervisor Interrupt Enable
      |         ^
3 warnings generated.
